生成启动时间为 2014/4/9 11:27:41。
     1>项目“G:\beiyong\biancheng\121114138MulAppLoader_src\MulAppLoader_src\MulAppLoader\MulAppDll\MulAppDll.vcxproj”在节点 3 上(build 个目标)。
     1>InitializeBuildStatus:
         正在创建“Release\MulAppDll.unsuccessfulbuild”，因为已指定“AlwaysCreate”。
       ClCompile:
         E:\Microsoft Visual Studio 10.0\VC\bin\CL.exe /c /Zi /nologo /W3 /WX- /O2 /Oi /Oy- /GL /D DETOURS_X86 /D WIN32 /D NDEBUG /D _WINDOWS /D _USRDLL /D MULAPPDLL_EXPORTS /D _WINDLL /D _UNICODE /D UNICODE /Gm- /EHsc /MT /GS /Gy /fp:precise /Zc:wchar_t /Zc:forScope /Fo"Release\\" /Fd"Release\vc100.pdb" /Gd /TP /analyze- /errorReport:prompt dllmain.cpp
         dllmain.cpp
         E:\Microsoft Visual Studio 10.0\VC\bin\CL.exe /c /Zi /nologo /W3 /WX- /O2 /Oi /Oy- /GL /D DETOURS_X86 /D WIN32 /D NDEBUG /D _WINDOWS /D _USRDLL /D MULAPPDLL_EXPORTS /D _WINDLL /D _UNICODE /D UNICODE /Gm- /EHsc /MT /GS /Gy /fp:precise /Zc:wchar_t /Zc:forScope /Fo"Release\\" /Fd"Release\vc100.pdb" /Gd /TP /analyze- /errorReport:prompt detour\creatwth.cpp detour\detoured.cpp detour\detours.cpp detour\disasm.cpp detour\image.cpp detour\modules.cpp
         creatwth.cpp
         detoured.cpp
         detours.cpp
         disasm.cpp
         image.cpp
         modules.cpp
       Link:
         E:\Microsoft Visual Studio 10.0\VC\bin\link.exe /ERRORREPORT:PROMPT /OUT:"G:\beiyong\biancheng\121114138MulAppLoader_src\MulAppLoader_src\MulAppLoader\Release\MulAppDll.dll" /INCREMENTAL:NO /NOLOGO kernel32.lib user32.lib gdi32.lib winspool.lib comdlg32.lib advapi32.lib shell32.lib ole32.lib oleaut32.lib uuid.lib odbc32.lib odbccp32.lib /MANIFEST /ManifestFile:"Release\MulAppDll.dll.intermediate.manifest" /MANIFESTUAC:"level='asInvoker' uiAccess='false'" /DEBUG /PDB:"G:\beiyong\biancheng\121114138MulAppLoader_src\MulAppLoader_src\MulAppLoader\Release\MulAppDll.pdb" /SUBSYSTEM:WINDOWS /OPT:REF /OPT:ICF /LTCG /TLBID:1 /DYNAMICBASE /NXCOMPAT /IMPLIB:"G:\beiyong\biancheng\121114138MulAppLoader_src\MulAppLoader_src\MulAppLoader\Release\MulAppDll.lib" /MACHINE:X86 /DLL Release\dllmain.obj
         Release\creatwth.obj
         Release\detoured.obj
         Release\detours.obj
         Release\disasm.obj
         Release\image.obj
         Release\modules.obj
         正在生成代码
         已完成代码的生成
         MulAppDll.vcxproj -> G:\beiyong\biancheng\121114138MulAppLoader_src\MulAppLoader_src\MulAppLoader\Release\MulAppDll.dll
       Manifest:
         C:\Program Files (x86)\Microsoft SDKs\Windows\v7.0A\bin\mt.exe /nologo /verbose /outputresource:"G:\beiyong\biancheng\121114138MulAppLoader_src\MulAppLoader_src\MulAppLoader\Release\MulAppDll.dll;#2" /manifest Release\MulAppDll.dll.intermediate.manifest
       FinalizeBuildStatus:
         正在删除文件“Release\MulAppDll.unsuccessfulbuild”。
         正在对“Release\MulAppDll.lastbuildstate”执行 Touch 任务。
     1>已完成生成项目“G:\beiyong\biancheng\121114138MulAppLoader_src\MulAppLoader_src\MulAppLoader\MulAppDll\MulAppDll.vcxproj”(build 个目标)的操作。

生成成功。

已用时间 00:00:04.22
