生成启动时间为 2013/11/24 23:27:16。
     1>项目“C:\Users\Administrator\Desktop\CEditDrop\CEditDrop\CEditDrop.vcxproj”在节点 2 上(build 个目标)。
     1>InitializeBuildStatus:
         正在创建“Debug\CEditDrop.unsuccessfulbuild”，因为已指定“AlwaysCreate”。
       ClCompile:
         所有输出均为最新。
         E:\Program Files (x86)\Microsoft Visual Studio 10.0\VC\bin\CL.exe /c /ZI /nologo /W3 /WX- /Od /Oy- /D WIN32 /D _WINDOWS /D _DEBUG /D _UNICODE /D UNICODE /D _AFXDLL /Gm /EHsc /RTC1 /MDd /GS /fp:precise /Zc:wchar_t /Zc:forScope /Yu"StdAfx.h" /Fp"Debug\CEditDrop.pch" /Fo"Debug\\" /Fd"Debug\vc100.pdb" /Gd /TP /analyze- /errorReport:prompt CEditDrop.cpp CEditDropDlg.cpp MyEdit.cpp
         MyEdit.cpp
         正在生成代码...
         正在编译...
         CEditDrop.cpp
         正在生成代码...
         正在编译...
         CEditDropDlg.cpp
         正在生成代码...
       ResourceCompile:
         所有输出均为最新。
       ManifestResourceCompile:
         所有输出均为最新。
       Link:
         E:\Program Files (x86)\Microsoft Visual Studio 10.0\VC\bin\link.exe /ERRORREPORT:PROMPT /OUT:"C:\Users\Administrator\Desktop\CEditDrop\Debug\CEditDrop.exe" /INCREMENTAL /NOLOGO /MANIFEST /ManifestFile:"Debug\CEditDrop.exe.intermediate.manifest" /MANIFESTUAC:"level='asInvoker' uiAccess='false'" /DEBUG /PDB:"C:\Users\Administrator\Desktop\CEditDrop\Debug\CEditDrop.pdb" /SUBSYSTEM:WINDOWS /TLBID:1 /ENTRY:"wWinMainCRTStartup" /DYNAMICBASE /NXCOMPAT /IMPLIB:"C:\Users\Administrator\Desktop\CEditDrop\Debug\CEditDrop.lib" /MACHINE:X86 Debug\CEditDrop.res
         Debug\CEditDrop.exe.embed.manifest.res
         Debug\CEditDrop.obj
         Debug\CEditDropDlg.obj
         Debug\MyEdit.obj
         Debug\stdafx.obj
       Manifest:
         C:\Program Files (x86)\Microsoft SDKs\Windows\v7.0A\bin\mt.exe /nologo /verbose /out:"Debug\CEditDrop.exe.embed.manifest" /manifest Debug\CEditDrop.exe.intermediate.manifest "E:\Program Files (x86)\Microsoft Visual Studio 10.0\VC\Include\Manifest\dpiaware.manifest"
         所有输出均为最新。
       LinkEmbedManifest:
         所有输出均为最新。
         CEditDrop.vcxproj -> C:\Users\Administrator\Desktop\CEditDrop\Debug\CEditDrop.exe
       FinalizeBuildStatus:
         正在删除文件“Debug\CEditDrop.unsuccessfulbuild”。
         正在对“Debug\CEditDrop.lastbuildstate”执行 Touch 任务。
     1>已完成生成项目“C:\Users\Administrator\Desktop\CEditDrop\CEditDrop\CEditDrop.vcxproj”(build 个目标)的操作。

生成成功。

已用时间 00:00:00.57
