生成启动时间为 2013/10/23 9:34:37。
     1>项目“C:\Users\Administrator\Desktop\调用资源DLL\fancycode-MemoryModule-2a099fa\example\SampleDLL\SampleDLL.vcxproj”在节点 3 上(build 个目标)。
     1>InitializeBuildStatus:
         正在创建“Debug\SampleDLL.unsuccessfulbuild”，因为已指定“AlwaysCreate”。
       ClCompile:
         E:\Program Files (x86)\Microsoft Visual Studio 10.0\VC\bin\CL.exe /c /ZI /nologo /W3 /WX- /Od /Oy- /D WIN32 /D _DEBUG /D _WINDOWS /D _USRDLL /D SAMPLEDLL_EXPORTS /D _WINDLL /D _MBCS /Gm /EHsc /RTC1 /MTd /GS /fp:precise /Zc:wchar_t /Zc:forScope /Fo"Debug\\" /Fd"Debug\vc100.pdb" /Gd /TP /analyze- /errorReport:prompt SampleDLL.cpp
         SampleDLL.cpp
     1>c:\users\administrator\desktop\调用资源dll\fancycode-memorymodule-2a099fa\example\sampledll\sampledll.cpp(18): warning C4996: 'strcpy': This function or variable may be unsafe. Consider using strcpy_s instead. To disable deprecation, use _CRT_SECURE_NO_WARNINGS. See online help for details.
                 e:\program files (x86)\microsoft visual studio 10.0\vc\include\string.h(105) : 参见“strcpy”的声明
     1>c:\users\administrator\desktop\调用资源dll\fancycode-memorymodule-2a099fa\example\sampledll\sampledll.cpp(20): warning C4996: 'strcat': This function or variable may be unsafe. Consider using strcat_s instead. To disable deprecation, use _CRT_SECURE_NO_WARNINGS. See online help for details.
                 e:\program files (x86)\microsoft visual studio 10.0\vc\include\string.h(110) : 参见“strcat”的声明
     1>c:\users\administrator\desktop\调用资源dll\fancycode-memorymodule-2a099fa\example\sampledll\sampledll.cpp(22): warning C4996: 'strcat': This function or variable may be unsafe. Consider using strcat_s instead. To disable deprecation, use _CRT_SECURE_NO_WARNINGS. See online help for details.
                 e:\program files (x86)\microsoft visual studio 10.0\vc\include\string.h(110) : 参见“strcat”的声明
     1>c:\users\administrator\desktop\调用资源dll\fancycode-memorymodule-2a099fa\example\sampledll\sampledll.cpp(32): warning C4996: 'strcpy': This function or variable may be unsafe. Consider using strcpy_s instead. To disable deprecation, use _CRT_SECURE_NO_WARNINGS. See online help for details.
                 e:\program files (x86)\microsoft visual studio 10.0\vc\include\string.h(105) : 参见“strcpy”的声明
     1>c:\users\administrator\desktop\调用资源dll\fancycode-memorymodule-2a099fa\example\sampledll\sampledll.cpp(34): warning C4996: 'strcat': This function or variable may be unsafe. Consider using strcat_s instead. To disable deprecation, use _CRT_SECURE_NO_WARNINGS. See online help for details.
                 e:\program files (x86)\microsoft visual studio 10.0\vc\include\string.h(110) : 参见“strcat”的声明
     1>c:\users\administrator\desktop\调用资源dll\fancycode-memorymodule-2a099fa\example\sampledll\sampledll.cpp(40): warning C4996: 'strcat': This function or variable may be unsafe. Consider using strcat_s instead. To disable deprecation, use _CRT_SECURE_NO_WARNINGS. See online help for details.
                 e:\program files (x86)\microsoft visual studio 10.0\vc\include\string.h(110) : 参见“strcat”的声明
       ManifestResourceCompile:
         所有输出均为最新。
       Link:
         E:\Program Files (x86)\Microsoft Visual Studio 10.0\VC\bin\link.exe /ERRORREPORT:PROMPT /OUT:"Debug\SampleDLL.dll" /INCREMENTAL /NOLOGO kernel32.lib user32.lib gdi32.lib winspool.lib comdlg32.lib advapi32.lib shell32.lib ole32.lib oleaut32.lib uuid.lib odbc32.lib odbccp32.lib /MANIFEST /ManifestFile:"Debug\SampleDLL.dll.intermediate.manifest" /MANIFESTUAC:"level='asInvoker' uiAccess='false'" /DEBUG /PDB:"Debug\SampleDLL.pdb" /SUBSYSTEM:WINDOWS /TLBID:1 /DYNAMICBASE /NXCOMPAT /IMPLIB:"Debug\SampleDLL.lib" /MACHINE:X86 /DLL Debug\SampleDLL.dll.embed.manifest.res
         Debug\SampleDLL.obj
       Manifest:
         C:\Program Files (x86)\Microsoft SDKs\Windows\v7.0A\bin\mt.exe /nologo /verbose /out:"Debug\SampleDLL.dll.embed.manifest" /manifest Debug\SampleDLL.dll.intermediate.manifest
         所有输出均为最新。
       LinkEmbedManifest:
         所有输出均为最新。
         SampleDLL.vcxproj -> C:\Users\Administrator\Desktop\调用资源DLL\fancycode-MemoryModule-2a099fa\example\SampleDLL\Debug\SampleDLL.dll
       FinalizeBuildStatus:
         正在删除文件“Debug\SampleDLL.unsuccessfulbuild”。
         正在对“Debug\SampleDLL.lastbuildstate”执行 Touch 任务。
     1>已完成生成项目“C:\Users\Administrator\Desktop\调用资源DLL\fancycode-MemoryModule-2a099fa\example\SampleDLL\SampleDLL.vcxproj”(build 个目标)的操作。

生成成功。

已用时间 00:00:00.99
