生成启动时间为 2013/10/22 22:23:13。
     1>项目“C:\Users\Administrator\Desktop\fancycode-MemoryModule-v0_0_3-0-gca4f504\fancycode-MemoryModule-2a099fa\example\DllLoader\DllLoader.vcxproj”在节点 2 上(build 个目标)。
     1>InitializeBuildStatus:
         正在对“Debug\DllLoader.unsuccessfulbuild”执行 Touch 任务。
       ClCompile:
         E:\Program Files (x86)\Microsoft Visual Studio 10.0\VC\bin\CL.exe /c /ZI /nologo /W3 /WX- /Od /Oy- /D WIN32 /D _DEBUG /D _CONSOLE /D _MBCS /Gm /EHsc /RTC1 /MTd /GS /fp:precise /Zc:wchar_t /Zc:forScope /Fo"Debug\\" /Fd"Debug\vc100.pdb" /Gd /TP /analyze- /errorReport:prompt DllLoader.cpp
         DllLoader.cpp
     1>c:\users\administrator\desktop\fancycode-memorymodule-v0_0_3-0-gca4f504\fancycode-memorymodule-2a099fa\example\dllloader\dllloader.cpp(29): warning C4101: “size”: 未引用的局部变量
         所有输出均为最新。
       ResourceCompile:
         所有输出均为最新。
       ManifestResourceCompile:
         所有输出均为最新。
       Link:
         E:\Program Files (x86)\Microsoft Visual Studio 10.0\VC\bin\link.exe /ERRORREPORT:PROMPT /OUT:"Debug\DllLoader.exe" /INCREMENTAL /NOLOGO kernel32.lib user32.lib gdi32.lib winspool.lib comdlg32.lib advapi32.lib shell32.lib ole32.lib oleaut32.lib uuid.lib odbc32.lib odbccp32.lib /MANIFEST /ManifestFile:"Debug\DllLoader.exe.intermediate.manifest" /MANIFESTUAC:"level='asInvoker' uiAccess='false'" /DEBUG /PDB:"Debug\DllLoader.pdb" /SUBSYSTEM:CONSOLE /TLBID:1 /DYNAMICBASE /NXCOMPAT /IMPLIB:"Debug\DllLoader.lib" /MACHINE:X86 Debug\DllLoader.res
         Debug\DllLoader.exe.embed.manifest.res
         Debug\DllLoader.obj
         Debug\MemoryModule.obj
       Manifest:
         C:\Program Files (x86)\Microsoft SDKs\Windows\v7.0A\bin\mt.exe /nologo /verbose /out:"Debug\DllLoader.exe.embed.manifest" /manifest Debug\DllLoader.exe.intermediate.manifest
         所有输出均为最新。
       LinkEmbedManifest:
         所有输出均为最新。
         DllLoader.vcxproj -> C:\Users\Administrator\Desktop\fancycode-MemoryModule-v0_0_3-0-gca4f504\fancycode-MemoryModule-2a099fa\example\DllLoader\Debug\DllLoader.exe
       FinalizeBuildStatus:
         正在删除文件“Debug\DllLoader.unsuccessfulbuild”。
         正在对“Debug\DllLoader.lastbuildstate”执行 Touch 任务。
     1>已完成生成项目“C:\Users\Administrator\Desktop\fancycode-MemoryModule-v0_0_3-0-gca4f504\fancycode-MemoryModule-2a099fa\example\DllLoader\DllLoader.vcxproj”(build 个目标)的操作。

生成成功。

已用时间 00:00:00.77
