g:\beiyong\biancheng\windowsserver_win7\debug\winservice.bsc
g:\beiyong\biancheng\windowsserver_win7\debug\winservice.pch
g:\beiyong\biancheng\windowsserver_win7\debug\vc120.pdb
g:\beiyong\biancheng\windowsserver_win7\debug\vc120.idb
g:\beiyong\biancheng\windowsserver_win7\debug\stdafx.sbr
g:\beiyong\biancheng\windowsserver_win7\debug\stdafx.obj
g:\beiyong\biancheng\windowsserver_win7\debug\winservice.sbr
g:\beiyong\biancheng\windowsserver_win7\debug\winservice.obj
g:\beiyong\biancheng\windowsserver_win7\debug\winservice.ilk
g:\beiyong\biancheng\windowsserver_win7\debug\winservice.exe
g:\beiyong\biancheng\windowsserver_win7\debug\winservice.pdb
g:\beiyong\biancheng\windowsserver_win7\winservice.tlb
g:\beiyong\biancheng\windowsserver_win7\winservice_i.c
g:\beiyong\biancheng\windowsserver_win7\winservice.h
g:\beiyong\biancheng\windowsserver_win7\debug\winservice.res
g:\beiyong\biancheng\windowsserver_win7\debug\winservice.tlog\bscmake.command.1.tlog
g:\beiyong\biancheng\windowsserver_win7\debug\winservice.tlog\bscmake.read.1.tlog
g:\beiyong\biancheng\windowsserver_win7\debug\winservice.tlog\bscmake.write.1.tlog
g:\beiyong\biancheng\windowsserver_win7\debug\winservice.tlog\cl.command.1.tlog
g:\beiyong\biancheng\windowsserver_win7\debug\winservice.tlog\cl.read.1.tlog
g:\beiyong\biancheng\windowsserver_win7\debug\winservice.tlog\cl.write.1.tlog
g:\beiyong\biancheng\windowsserver_win7\debug\winservice.tlog\link.command.1.tlog
g:\beiyong\biancheng\windowsserver_win7\debug\winservice.tlog\link.read.1.tlog
g:\beiyong\biancheng\windowsserver_win7\debug\winservice.tlog\link.write.1.tlog
g:\beiyong\biancheng\windowsserver_win7\debug\winservice.tlog\midl.command.1.tlog
g:\beiyong\biancheng\windowsserver_win7\debug\winservice.tlog\midl.read.1.tlog
g:\beiyong\biancheng\windowsserver_win7\debug\winservice.tlog\midl.write.1.tlog
g:\beiyong\biancheng\windowsserver_win7\debug\winservice.tlog\rc.command.1.tlog
g:\beiyong\biancheng\windowsserver_win7\debug\winservice.tlog\rc.read.1.tlog
g:\beiyong\biancheng\windowsserver_win7\debug\winservice.tlog\rc.write.1.tlog
