生成启动时间为 2013/10/22 22:03:22。
     1>项目“C:\Users\Administrator\Desktop\fancycode-MemoryModule-v0_0_3-0-gca4f504\fancycode-MemoryModule-2a099fa\example\SampleDLL\SampleDLL.vcxproj”在节点 3 上(build 个目标)。
     1>InitializeBuildStatus:
         正在创建“Debug\SampleDLL.unsuccessfulbuild”，因为已指定“AlwaysCreate”。
       ClCompile:
         E:\Program Files (x86)\Microsoft Visual Studio 10.0\VC\bin\CL.exe /c /ZI /nologo /W3 /WX- /Od /Oy- /D WIN32 /D _DEBUG /D _WINDOWS /D _USRDLL /D SAMPLEDLL_EXPORTS /D _WINDLL /D _MBCS /Gm /EHsc /RTC1 /MTd /GS /fp:precise /Zc:wchar_t /Zc:forScope /Fo"Debug\\" /Fd"Debug\vc100.pdb" /Gd /TP /analyze- /errorReport:prompt SampleDLL.cpp
         SampleDLL.cpp
       ManifestResourceCompile:
         C:\Program Files (x86)\Microsoft SDKs\Windows\v7.0A\bin\rc.exe /nologo /fo"Debug\SampleDLL.dll.embed.manifest.res" Debug\SampleDLL_manifest.rc 
       Link:
         E:\Program Files (x86)\Microsoft Visual Studio 10.0\VC\bin\link.exe /ERRORREPORT:PROMPT /OUT:"Debug\SampleDLL.dll" /INCREMENTAL /NOLOGO kernel32.lib user32.lib gdi32.lib winspool.lib comdlg32.lib advapi32.lib shell32.lib ole32.lib oleaut32.lib uuid.lib odbc32.lib odbccp32.lib /MANIFEST /ManifestFile:"Debug\SampleDLL.dll.intermediate.manifest" /MANIFESTUAC:"level='asInvoker' uiAccess='false'" /DEBUG /PDB:"Debug\SampleDLL.pdb" /SUBSYSTEM:WINDOWS /TLBID:1 /DYNAMICBASE /NXCOMPAT /IMPLIB:"Debug\SampleDLL.lib" /MACHINE:X86 /DLL Debug\SampleDLL.dll.embed.manifest.res
         Debug\SampleDLL.obj
            正在创建库 Debug\SampleDLL.lib 和对象 Debug\SampleDLL.exp
       Manifest:
         C:\Program Files (x86)\Microsoft SDKs\Windows\v7.0A\bin\mt.exe /nologo /verbose /out:"Debug\SampleDLL.dll.embed.manifest" /manifest Debug\SampleDLL.dll.intermediate.manifest
         C:\Program Files (x86)\Microsoft SDKs\Windows\v7.0A\bin\rc.exe /nologo /fo"Debug\SampleDLL.dll.embed.manifest.res" Debug\SampleDLL_manifest.rc 
       LinkEmbedManifest:
         E:\Program Files (x86)\Microsoft Visual Studio 10.0\VC\bin\link.exe /ERRORREPORT:PROMPT /OUT:"Debug\SampleDLL.dll" /INCREMENTAL /NOLOGO kernel32.lib user32.lib gdi32.lib winspool.lib comdlg32.lib advapi32.lib shell32.lib ole32.lib oleaut32.lib uuid.lib odbc32.lib odbccp32.lib /MANIFEST /ManifestFile:"Debug\SampleDLL.dll.intermediate.manifest" /MANIFESTUAC:"level='asInvoker' uiAccess='false'" /DEBUG /PDB:"Debug\SampleDLL.pdb" /SUBSYSTEM:WINDOWS /TLBID:1 /DYNAMICBASE /NXCOMPAT /IMPLIB:"Debug\SampleDLL.lib" /MACHINE:X86 /DLL Debug\SampleDLL.dll.embed.manifest.res
         Debug\SampleDLL.obj
            正在创建库 Debug\SampleDLL.lib 和对象 Debug\SampleDLL.exp
         SampleDLL.vcxproj -> C:\Users\Administrator\Desktop\fancycode-MemoryModule-v0_0_3-0-gca4f504\fancycode-MemoryModule-2a099fa\example\SampleDLL\Debug\SampleDLL.dll
       FinalizeBuildStatus:
         正在删除文件“Debug\SampleDLL.unsuccessfulbuild”。
         正在对“Debug\SampleDLL.lastbuildstate”执行 Touch 任务。
     1>已完成生成项目“C:\Users\Administrator\Desktop\fancycode-MemoryModule-v0_0_3-0-gca4f504\fancycode-MemoryModule-2a099fa\example\SampleDLL\SampleDLL.vcxproj”(build 个目标)的操作。

生成成功。

已用时间 00:00:01.34
