生成启动时间为 2014/8/8 21:51:09。
     1>项目“C:\Users\Administrator\Desktop\挖洞任务\lpk\Lpk dll\LoadDll\LoadDll.vcxproj”在节点 3 上(build 个目标)。
     1>InitializeBuildStatus:
         正在创建“Debug\LoadDll.unsuccessfulbuild”，因为已指定“AlwaysCreate”。
       ClCompile:
         所有输出均为最新。
         所有输出均为最新。
       ResourceCompile:
         所有输出均为最新。
       ManifestResourceCompile:
         所有输出均为最新。
       Link:
         E:\Microsoft Visual Studio 10.0\VC\bin\link.exe /ERRORREPORT:PROMPT /OUT:"C:\Users\Administrator\Desktop\挖洞任务\lpk\Lpk dll\Debug\LoadDll.exe" /INCREMENTAL /NOLOGO kernel32.lib user32.lib gdi32.lib winspool.lib comdlg32.lib advapi32.lib shell32.lib ole32.lib oleaut32.lib uuid.lib odbc32.lib odbccp32.lib /MANIFEST /ManifestFile:"Debug\LoadDll.exe.intermediate.manifest" /MANIFESTUAC:"level='asInvoker' uiAccess='false'" /DEBUG /PDB:"C:\Users\Administrator\Desktop\挖洞任务\lpk\Lpk dll\Debug\LoadDll.pdb" /SUBSYSTEM:CONSOLE /TLBID:1 /DYNAMICBASE /NXCOMPAT /IMPLIB:"C:\Users\Administrator\Desktop\挖洞任务\lpk\Lpk dll\Debug\LoadDll.lib" /MACHINE:X86 Debug\LoadDll.res
         Debug\LoadDll.exe.embed.manifest.res
         Debug\LoadDll.obj
         Debug\stdafx.obj
       Manifest:
         C:\Program Files (x86)\Microsoft SDKs\Windows\v7.0A\bin\mt.exe /nologo /verbose /out:"Debug\LoadDll.exe.embed.manifest" /manifest Debug\LoadDll.exe.intermediate.manifest
         所有输出均为最新。
       LinkEmbedManifest:
         所有输出均为最新。
         LoadDll.vcxproj -> C:\Users\Administrator\Desktop\挖洞任务\lpk\Lpk dll\Debug\LoadDll.exe
       FinalizeBuildStatus:
         正在删除文件“Debug\LoadDll.unsuccessfulbuild”。
         正在对“Debug\LoadDll.lastbuildstate”执行 Touch 任务。
     1>已完成生成项目“C:\Users\Administrator\Desktop\挖洞任务\lpk\Lpk dll\LoadDll\LoadDll.vcxproj”(build 个目标)的操作。

生成成功。

已用时间 00:00:01.37
