  64 bit Processing .\WinService.idl
  WinService.idl
  64 bit Processing C:\Program Files (x86)\Windows Kits\8.1\Include\um\oaidl.idl
  oaidl.idl
  64 bit Processing C:\Program Files (x86)\Windows Kits\8.1\Include\um\objidl.idl
  objidl.idl
  64 bit Processing C:\Program Files (x86)\Windows Kits\8.1\Include\um\unknwn.idl
  unknwn.idl
  64 bit Processing C:\Program Files (x86)\Windows Kits\8.1\Include\shared\wtypes.idl
  wtypes.idl
  64 bit Processing C:\Program Files (x86)\Windows Kits\8.1\Include\shared\wtypesbase.idl
  wtypesbase.idl
  64 bit Processing C:\Program Files (x86)\Windows Kits\8.1\Include\shared\basetsd.h
  basetsd.h
  64 bit Processing C:\Program Files (x86)\Windows Kits\8.1\Include\shared\guiddef.h
  guiddef.h
  64 bit Processing C:\Program Files (x86)\Windows Kits\8.1\Include\um\ocidl.idl
  ocidl.idl
  64 bit Processing C:\Program Files (x86)\Windows Kits\8.1\Include\um\oleidl.idl
  oleidl.idl
  64 bit Processing C:\Program Files (x86)\Windows Kits\8.1\Include\um\servprov.idl
  servprov.idl
  64 bit Processing C:\Program Files (x86)\Windows Kits\8.1\Include\um\urlmon.idl
  urlmon.idl
  64 bit Processing C:\Program Files (x86)\Windows Kits\8.1\Include\um\msxml.idl
  msxml.idl
  64 bit Processing C:\Program Files (x86)\Windows Kits\8.1\Include\um\oaidl.acf
  oaidl.acf
  64 bit Processing C:\Program Files (x86)\Windows Kits\8.1\Include\um\ocidl.acf
  ocidl.acf
  StdAfx.cpp
  WinService.cpp
WinService.cpp(65): warning C4996: 'ATL::CRegKey::SetValue': CRegKey::SetValue(TCHAR *value, TCHAR *valueName) has been superseded by CRegKey::SetStringValue and CRegKey::SetMultiStringValue
          E:\Microsoft Visual Studio 12.0\VC\atlmfc\include\atlbase.h(5555) : 参见“ATL::CRegKey::SetValue”的声明
WinService.cpp(66): warning C4996: 'ATL::CRegKey::SetValue': CRegKey::SetValue(TCHAR *value, TCHAR *valueName) has been superseded by CRegKey::SetStringValue and CRegKey::SetMultiStringValue
          E:\Microsoft Visual Studio 12.0\VC\atlmfc\include\atlbase.h(5555) : 参见“ATL::CRegKey::SetValue”的声明
WinService.cpp(267): warning C4996: 'vsprintf': This function or variable may be unsafe. Consider using vsprintf_s instead. To disable deprecation, use _CRT_SECURE_NO_WARNINGS. See online help for details.
          E:\Microsoft Visual Studio 12.0\VC\include\stdio.h(356) : 参见“vsprintf”的声明
WinService.cpp(444): warning C4996: 'ATL::CRegKey::QueryValue': CRegKey::QueryValue(TCHAR *value, TCHAR *valueName) has been superseded by CRegKey::QueryStringValue and CRegKey::QueryMultiStringValue
          E:\Microsoft Visual Studio 12.0\VC\atlmfc\include\atlbase.h(5592) : 参见“ATL::CRegKey::QueryValue”的声明
  WinService.vcxproj -> G:\beiyong\biancheng\Windowsserver_win7\x64\Debug\WinService.exe
